<?xml version="1.0" encoding="UTF-8"?>
<testng-results ignored="0" total="1" passed="1" failed="0" skipped="0">
  <reporter-output>
  </reporter-output>
  <suite started-at="2022-02-06T15:24:15 IST" name="Suite" finished-at="2022-02-06T15:24:34 IST" duration-ms="19173">
    <groups>
    </groups>
    <test started-at="2022-02-06T15:24:15 IST" name="Test" finished-at="2022-02-06T15:24:34 IST" duration-ms="19173">
      <class name="tests.LocatorTest">
        <test-method is-config="true" signature="setupReport()[pri:0, instance:tests.LocatorTest@8f2ef19]" started-at="2022-02-06T15:24:15 IST" name="setupReport" finished-at="2022-02-06T15:24:15 IST" duration-ms="237" status="PASS">
          <reporter-output>
          </reporter-output>
        </test-method> <!-- setupReport -->
        <test-method is-config="true" signature="setLocatorTestData()[pri:0, instance:tests.LocatorTest@8f2ef19]" started-at="2022-02-06T15:24:15 IST" name="setLocatorTestData" finished-at="2022-02-06T15:24:15 IST" duration-ms="1" status="PASS">
          <reporter-output>
          </reporter-output>
        </test-method> <!-- setLocatorTestData -->
        <test-method signature="searchWithZip(java.util.Map)[pri:0, instance:tests.LocatorTest@8f2ef19]" started-at="2022-02-06T15:24:16 IST" name="searchWithZip" data-provider="testData" finished-at="2022-02-06T15:24:31 IST" duration-ms="15297" status="PASS">
          <params>
            <param index="0">
              <value>
                <![CDATA[{zipCode=10001, city=, Row_Number=1, branchServices=, atmServices=, radius=, enabled=Y, testCase=searchWithZip}]]>
              </value>
            </param>
          </params>
          <reporter-output>
          </reporter-output>
        </test-method> <!-- searchWithZip -->
        <test-method is-config="true" signature="cleanUp(org.testng.ITestResult)[pri:0, instance:tests.LocatorTest@8f2ef19]" started-at="2022-02-06T15:24:33 IST" name="cleanUp" finished-at="2022-02-06T15:24:33 IST" duration-ms="180" status="PASS">
          <params>
            <param index="0">
              <value>
                <![CDATA[[TestResult name=searchWithZip status=SUCCESS method=LocatorTest.searchWithZip(java.util.Map)[pri:0, instance:tests.LocatorTest@8f2ef19] output={null}]]]>
              </value>
            </param>
          </params>
          <reporter-output>
          </reporter-output>
        </test-method> <!-- cleanUp -->
        <test-method is-config="true" signature="closeReport()[pri:0, instance:tests.LocatorTest@8f2ef19]" started-at="2022-02-06T15:24:34 IST" name="closeReport" finished-at="2022-02-06T15:24:34 IST" duration-ms="430" status="PASS">
          <reporter-output>
          </reporter-output>
        </test-method> <!-- closeReport -->
      </class> <!-- tests.LocatorTest -->
    </test> <!-- Test -->
  </suite> <!-- Suite -->
</testng-results>
